<?xml version="1.0" encoding="UTF-8" ?>
<testsuite errors="0" failures="0" hostname="DESKTOP-HN7TUS6" name="MantelTest" skipped="0" tests="1" time="0.066" timestamp="2018-06-01T08:59:31">
  <properties>
    <property name="netbeans.autoupdate.country" value="US" />
    <property name="nb.wait.for.caches" value="true" />
    <property name="javac.test.classpath" value="E:\jmonkey\jmonkeyplatform\libs\jme3-jogg-3.2.1-stable.jar;E:\jmonkey\jmonkeyplatform\libs\j-ogg-all-1.0.0.jar:E:\jmonkey\jmonkeyplatform\libs\jme3-networking-3.2.1-stable.jar:E:\jmonkey\jmonkeyplatform\libs\jme3-plugins-3.2.1-stable.jar;E:\jmonkey\jmonkeyplatform\libs\gson-2.8.1.jar:E:\jmonkey\jmonkeyplatform\libs\jme3-core-3.2.1-stable.jar:E:\jmonkey\jmonkeyplatform\libs\jme3-desktop-3.2.1-stable.jar:E:\jmonkey\jmonkeyplatform\libs\jme3-lwjgl-3.2.1-stable.jar;E:\jmonkey\jmonkeyplatform\libs\lwjgl-2.9.3.jar;E:\jmonkey\jmonkeyplatform\libs\jinput-2.0.5.jar;E:\jmonkey\jmonkeyplatform\libs\jinput-platform-2.0.5-natives-linux.jar;E:\jmonkey\jmonkeyplatform\libs\jinput-platform-2.0.5-natives-windows.jar;E:\jmonkey\jmonkeyplatform\libs\jinput-platform-2.0.5-natives-osx.jar;E:\jmonkey\jmonkeyplatform\libs\jutils-1.0.0.jar;E:\jmonkey\jmonkeyplatform\libs\lwjgl-platform-2.9.3-natives-windows.jar;E:\jmonkey\jmonkeyplatform\libs\lwjgl-platform-2.9.3-natives-linux.jar;E:\jmonkey\jmonkeyplatform\libs\lwjgl-platform-2.9.3-natives-osx.jar:E:\jmonkey\jmonkeyplatform\libs\jme3-effects-3.2.1-stable.jar:E:\jmonkey\jmonkeyplatform\libs\jme3-terrain-3.2.1-stable.jar:E:\jmonkey\jmonkeyplatform\libs\jme3-bullet-3.2.1-stable.jar:E:\jmonkey\jmonkeyplatform\libs\jme3-bullet-native-3.2.1-stable.jar:E:\jmonkey\platform\modules\ext\junit-4.12.jar:E:\jmonkey\platform\modules\ext\hamcrest-core-1.3.jar:build/classes" />
    <property name="libs.jme3-jogg.classpath" value="E:\jmonkey\jmonkeyplatform\libs\jme3-jogg-3.2.1-stable.jar;E:\jmonkey\jmonkeyplatform\libs\j-ogg-all-1.0.0.jar" />
    <property name="org.lwjgl.librarypath" value="C:\Users\Richard\AppData\Roaming\.jmonkeyplatform\v3.2.1-stable-sdk3" />
    <property name="ant.core.lib" value="E:\jmonkey\extide\ant\lib\ant.jar" />
    <property name="libs.jme3-jbullet.javadoc" value="E:\jmonkey\jmonkeyplatform\libs\jme3-jbullet-3.2.1-stable-javadoc.jar" />
    <property name="javadoc.windowtitle" value="" />
    <property name="user.dir" value="C:\Users\Richard\Documents\Planet" />
    <property name="libs.jme3-android-native.src" value="E:\jmonkey\jmonkeyplatform\libs\jme3-android-native-3.2.1-stable-sources.jar" />
    <property name="ant.file.BasicGameTemplate" value="C:\Users\Richard\Documents\Planet\build.xml" />
    <property name="libs.jme3-blender.javadoc" value="E:\jmonkey\jmonkeyplatform\libs\jme3-blender-3.2.1-stable-javadoc.jar" />
    <property name="java.vm.version" value="25.161-b12" />
    <property name="libs.jme3-jbullet.classpath" value="E:\jmonkey\jmonkeyplatform\libs\jme3-jbullet-3.2.1-stable.jar;E:\jmonkey\jmonkeyplatform\libs\stack-alloc-0.0.1.jar;E:\jmonkey\jmonkeyplatform\libs\jbullet-0.0.1.jar;E:\jmonkey\jmonkeyplatform\libs\vecmath-1.3.1.jar;E:\jmonkey\jmonkeyplatform\libs\jbullet.jar;E:\jmonkey\jmonkeyplatform\libs\stack-alloc.jar" />
    <property name="javadoc.notree" value="false" />
    <property name="libs.jme3-android.classpath" value="E:\jmonkey\jmonkeyplatform\libs\jme3-android-3.2.1-stable.jar;E:\jmonkey\jmonkeyplatform\libs\gson-2.8.1.jar" />
    <property name="netbeans.autoupdate.version" value="1.23" />
    <property name="libs.jme3-terrain.classpath" value="E:\jmonkey\jmonkeyplatform\libs\jme3-terrain-3.2.1-stable.jar" />
    <property name="libs.jme3-blender.classpath" value="E:\jmonkey\jmonkeyplatform\libs\jme3-blender-3.2.1-stable.jar;E:\jmonkey\jmonkeyplatform\libs\core-0.27.jar;E:\jmonkey\jmonkeyplatform\libs\dense64-0.27.jar;E:\jmonkey\jmonkeyplatform\libs\simple-0.27.jar;E:\jmonkey\jmonkeyplatform\libs\denseC64-0.27.jar" />
    <property name="test.test.dir" value="test" />
    <property name="javac.profile.cmd.line.arg" value="" />
    <property name="jdk.home" value="jdk" />
    <property name="libs.javac-api.src" value="" />
    <property name="javadoc.noindex" value="false" />
    <property name="sun.os.patch.level" value="" />
    <property name="libs.jme3_xbuf.javadoc" value="" />
    <property name="do.archive+manifest.available" value="true" />
    <property name="java.vm.specification.name" value="Java Virtual Machine Specification" />
    <property name="libs.pro-guard.javadoc" value="" />
    <property name="netbeans.autoupdate.variant" value="" />
    <property name="libs.jme3-bullet.classpath" value="E:\jmonkey\jmonkeyplatform\libs\jme3-bullet-3.2.1-stable.jar" />
    <property name="have.tests" value="true" />
    <property name="netbeans.projects.dir" value="E:\jmonkey\projects" />
    <property name="org.xml.sax.driver" value="com.sun.org.apache.xerces.internal.jaxp.SAXParserImpl$JAXPSAXParser" />
    <property name="libs.hamcrest.classpath" value="E:\jmonkey\platform\modules\ext\hamcrest-core-1.3.jar" />
    <property name="libs.javac-api.javadoc" value="" />
    <property name="libs.jme3-test-data.classpath" value="E:\jmonkey\jmonkeyplatform\libs\jme3-testdata.jar" />
    <property name="libs.jme3-effects.src" value="E:\jmonkey\jmonkeyplatform\libs\jme3-effects-3.2.1-stable-sources.jar" />
    <property name="os.name" value="Windows 10" />
    <property name="libs.jme3-desktop.classpath" value="E:\jmonkey\jmonkeyplatform\libs\jme3-desktop-3.2.1-stable.jar" />
    <property name="ant.file.assets-impl" value="C:\Users\Richard\Documents\Planet\nbproject\assets-impl.xml" />
    <property name="libs.jme3-jogl.maven-pom" value="" />
    <property name="ap.proc.none.internal" value="" />
    <property name="libs.jme3-test-data.javadoc" value="" />
    <property name="libs.JWSAntTasks.maven-pom" value="" />
    <property name="libs.testng.src" value="" />
    <property name="java.vendor.url.bug" value="http://bugreport.sun.com/bugreport/" />
    <property name="netbeans.user.dir" value="E:\jmonkey" />
    <property name="libs.jaxb.maven-pom" value="" />
    <property name="os.arch" value="amd64" />
    <property name="user.name" value="Richard" />
    <property name="copylibs.rebase" value="true" />
    <property name="libs.jme3-niftygui.classpath" value="E:\jmonkey\jmonkeyplatform\libs\jme3-niftygui-3.2.1-stable.jar;E:\jmonkey\jmonkeyplatform\libs\nifty-style-black-1.4.2.jar;E:\jmonkey\jmonkeyplatform\libs\nifty-1.4.2.jar;E:\jmonkey\jmonkeyplatform\libs\jsr305-2.0.2.jar;E:\jmonkey\jmonkeyplatform\libs\xpp3-1.1.4c.jar;E:\jmonkey\jmonkeyplatform\libs\nifty-default-controls-1.4.2.jar" />
    <property name="sun.java.command" value="org.apache.tools.ant.taskdefs.optional.junit.JUnitTestRunner MantelTest skipNonTests=false filtertrace=true haltOnError=false haltOnFailure=false showoutput=true outputtoformatters=true logfailedtests=true threadid=0 logtestlistenerevents=true formatter=org.apache.tools.ant.taskdefs.optional.junit.BriefJUnitResultFormatter formatter=org.apache.tools.ant.taskdefs.optional.junit.XMLJUnitResultFormatter,C:\Users\Richard\Documents\Planet\build\test\results\TEST-MantelTest.xml crashfile=C:\Users\Richard\Documents\Planet\build\junitvmwatcher8641454963372274579.properties propsfile=C:\Users\Richard\Documents\Planet\build\junit53741224517747834.properties" />
    <property name="build.classes.dir" value="build/classes" />
    <property name="jnlp.descriptor" value="application" />
    <property name="build.sysclasspath" value="ignore" />
    <property name="libs.jme3-effects.javadoc" value="E:\jmonkey\jmonkeyplatform\libs\jme3-effects-3.2.1-stable-javadoc.jar" />
    <property name="manifest.encoding" value="UTF-8" />
    <property name="ap.supported.internal" value="true" />
    <property name="java.failonerror" value="true" />
    <property name="ant.file.type.Planet-impl" value="file" />
    <property name="libs.jaxws21.javadoc" value="E:\jmonkey\java\docs\jaxws-api-doc.zip" />
    <property name="includes" value="**" />
    <property name="user.country" value="US" />
    <property name="manifest.file" value="MANIFEST.MF" />
    <property name="javadoc.encoding" value="UTF-8" />
    <property name="javac.classpath" value="E:\jmonkey\jmonkeyplatform\libs\jme3-jogg-3.2.1-stable.jar;E:\jmonkey\jmonkeyplatform\libs\j-ogg-all-1.0.0.jar:E:\jmonkey\jmonkeyplatform\libs\jme3-networking-3.2.1-stable.jar:E:\jmonkey\jmonkeyplatform\libs\jme3-plugins-3.2.1-stable.jar;E:\jmonkey\jmonkeyplatform\libs\gson-2.8.1.jar:E:\jmonkey\jmonkeyplatform\libs\jme3-core-3.2.1-stable.jar:E:\jmonkey\jmonkeyplatform\libs\jme3-desktop-3.2.1-stable.jar:E:\jmonkey\jmonkeyplatform\libs\jme3-lwjgl-3.2.1-stable.jar;E:\jmonkey\jmonkeyplatform\libs\lwjgl-2.9.3.jar;E:\jmonkey\jmonkeyplatform\libs\jinput-2.0.5.jar;E:\jmonkey\jmonkeyplatform\libs\jinput-platform-2.0.5-natives-linux.jar;E:\jmonkey\jmonkeyplatform\libs\jinput-platform-2.0.5-natives-windows.jar;E:\jmonkey\jmonkeyplatform\libs\jinput-platform-2.0.5-natives-osx.jar;E:\jmonkey\jmonkeyplatform\libs\jutils-1.0.0.jar;E:\jmonkey\jmonkeyplatform\libs\lwjgl-platform-2.9.3-natives-windows.jar;E:\jmonkey\jmonkeyplatform\libs\lwjgl-platform-2.9.3-natives-linux.jar;E:\jmonkey\jmonkeyplatform\libs\lwjgl-platform-2.9.3-natives-osx.jar:E:\jmonkey\jmonkeyplatform\libs\jme3-effects-3.2.1-stable.jar:E:\jmonkey\jmonkeyplatform\libs\jme3-terrain-3.2.1-stable.jar:E:\jmonkey\jmonkeyplatform\libs\jme3-bullet-3.2.1-stable.jar:E:\jmonkey\jmonkeyplatform\libs\jme3-bullet-native-3.2.1-stable.jar:E:\jmonkey\platform\modules\ext\junit-4.12.jar:E:\jmonkey\platform\modules\ext\hamcrest-core-1.3.jar" />
    <property name="debug-transport" value="dt_shmem" />
    <property name="netbeans.home" value="E:\jmonkey\platform" />
    <property name="libs.jme3-plugins.src" value="E:\jmonkey\jmonkeyplatform\libs\jme3-plugins-3.2.1-stable-sources.jar" />
    <property name="build.compiler.emacs" value="true" />
    <property name="libs.jme3-core.maven-pom" value="" />
    <property name="java.endorsed.dirs" value="E:\jmonkey\jdk\jre\lib\endorsed" />
    <property name="awt.useSystemAAFontSettings" value="lcd" />
    <property name="netbeans.dynamic.classpath" value="E:\jmonkey\platform\core\asm-all-5.0.1.jar;E:\jmonkey\platform\core\core-base.jar;E:\jmonkey\platform\core\core.jar;E:\jmonkey\platform\core\org-netbeans-libs-asm.jar;E:\jmonkey\platform\core\org-openide-filesystems-compat8.jar;E:\jmonkey\platform\core\org-openide-filesystems.jar;E:\jmonkey\platform\core\locale\core-base_ja.jar;E:\jmonkey\platform\core\locale\core-base_pt_BR.jar;E:\jmonkey\platform\core\locale\core-base_ru.jar;E:\jmonkey\platform\core\locale\core-base_zh_CN.jar;E:\jmonkey\platform\core\locale\core_ja.jar;E:\jmonkey\platform\core\locale\core_pt_BR.jar;E:\jmonkey\platform\core\locale\core_ru.jar;E:\jmonkey\platform\core\locale\core_zh_CN.jar;E:\jmonkey\platform\core\locale\org-netbeans-libs-asm_ja.jar;E:\jmonkey\platform\core\locale\org-netbeans-libs-asm_pt_BR.jar;E:\jmonkey\platform\core\locale\org-netbeans-libs-asm_ru.jar;E:\jmonkey\platform\core\locale\org-netbeans-libs-asm_zh_CN.jar;E:\jmonkey\platform\core\locale\org-openide-filesystems-compat8_ja.jar;E:\jmonkey\platform\core\locale\org-openide-filesystems-compat8_pt_BR.jar;E:\jmonkey\platform\core\locale\org-openide-filesystems-compat8_ru.jar;E:\jmonkey\platform\core\locale\org-openide-filesystems-compat8_zh_CN.jar;E:\jmonkey\platform\core\locale\org-openide-filesystems_ja.jar;E:\jmonkey\platform\core\locale\org-openide-filesystems_pt_BR.jar;E:\jmonkey\platform\core\locale\org-openide-filesystems_ru.jar;E:\jmonkey\platform\core\locale\org-openide-filesystems_zh_CN.jar;E:\jmonkey\jmonkeyplatform\core\locale\core_jmonkeyplatform.jar" />
    <property name="libs.jme3-bullet-native-android.javadoc" value="E:\jmonkey\jmonkeyplatform\libs\jme3-bullet-native-android-3.2.1-stable-javadoc.jar" />
    <property name="assets.compress" value="true" />
    <property name="jnlp.enabled" value="false" />
    <property name="java.vm.specification.version" value="1.8" />
    <property name="libs.jme3-desktop.javadoc" value="E:\jmonkey\jmonkeyplatform\libs\jme3-desktop-3.2.1-stable-javadoc.jar" />
    <property name="libs.jme3-bullet-native.javadoc" value="E:\jmonkey\jmonkeyplatform\libs\jme3-bullet-native-3.2.1-stable-javadoc.jar" />
    <property name="build.classes.dir.resolved" value="C:\Users\Richard\Documents\Planet\build\classes" />
    <property name="netbeans.productversion" value="jMonkeyEngine SDK v3.2.1-stable-sdk3" />
    <property name="libs.jaxws21.src" value="" />
    <property name="application.title" value="MyGame" />
    <property name="do.archive" value="true" />
    <property name="libs.jme3-core.src" value="E:\jmonkey\jmonkeyplatform\libs\jme3-core-3.2.1-stable-sources.jar" />
    <property name="libs.jme3-effects.classpath" value="E:\jmonkey\jmonkeyplatform\libs\jme3-effects-3.2.1-stable.jar" />
    <property name="netbeans.autoupdate.language" value="en" />
    <property name="java.vendor" value="Oracle Corporation" />
    <property name="libs.jme3-jogl.src" value="E:\jmonkey\jmonkeyplatform\libs\jme3-jogl-3.2.1-stable-sources.jar" />
    <property name="jar.index.metainf" value="false" />
    <property name="libs.lwjgl-applet.maven-pom" value="" />
    <property name="javac.debug" value="true" />
    <property name="libs.unspecified.classpath" value="E:\jmonkey\jmonkeyplatform\libs\jbullet.jar;E:\jmonkey\jmonkeyplatform\libs\stack-alloc.jar" />
    <property name="javadoc.splitindex" value="true" />
    <property name="file.separator" value="\" />
    <property name="libs.junit_4.maven-pom" value="" />
    <property name="mkdist.disabled" value="false" />
    <property name="javac.test.processorpath" value="E:\jmonkey\jmonkeyplatform\libs\jme3-jogg-3.2.1-stable.jar;E:\jmonkey\jmonkeyplatform\libs\j-ogg-all-1.0.0.jar:E:\jmonkey\jmonkeyplatform\libs\jme3-networking-3.2.1-stable.jar:E:\jmonkey\jmonkeyplatform\libs\jme3-plugins-3.2.1-stable.jar;E:\jmonkey\jmonkeyplatform\libs\gson-2.8.1.jar:E:\jmonkey\jmonkeyplatform\libs\jme3-core-3.2.1-stable.jar:E:\jmonkey\jmonkeyplatform\libs\jme3-desktop-3.2.1-stable.jar:E:\jmonkey\jmonkeyplatform\libs\jme3-lwjgl-3.2.1-stable.jar;E:\jmonkey\jmonkeyplatform\libs\lwjgl-2.9.3.jar;E:\jmonkey\jmonkeyplatform\libs\jinput-2.0.5.jar;E:\jmonkey\jmonkeyplatform\libs\jinput-platform-2.0.5-natives-linux.jar;E:\jmonkey\jmonkeyplatform\libs\jinput-platform-2.0.5-natives-windows.jar;E:\jmonkey\jmonkeyplatform\libs\jinput-platform-2.0.5-natives-osx.jar;E:\jmonkey\jmonkeyplatform\libs\jutils-1.0.0.jar;E:\jmonkey\jmonkeyplatform\libs\lwjgl-platform-2.9.3-natives-windows.jar;E:\jmonkey\jmonkeyplatform\libs\lwjgl-platform-2.9.3-natives-linux.jar;E:\jmonkey\jmonkeyplatform\libs\lwjgl-platform-2.9.3-natives-osx.jar:E:\jmonkey\jmonkeyplatform\libs\jme3-effects-3.2.1-stable.jar:E:\jmonkey\jmonkeyplatform\libs\jme3-terrain-3.2.1-stable.jar:E:\jmonkey\jmonkeyplatform\libs\jme3-bullet-3.2.1-stable.jar:E:\jmonkey\jmonkeyplatform\libs\jme3-bullet-native-3.2.1-stable.jar:E:\jmonkey\platform\modules\ext\junit-4.12.jar:E:\jmonkey\platform\modules\ext\hamcrest-core-1.3.jar:build/classes" />
    <property name="netbeans.buildnumber" value="201609300101" />
    <property name="libs.JWSAntTasks.javadoc" value="" />
    <property name="build.generated.sources.dir" value="build/generated-sources" />
    <property name="user.variant" value="" />
    <property name="sun.java.launcher" value="SUN_STANDARD" />
    <property name="libs.jaxb.javadoc" value="E:\jmonkey\ide\docs\jaxb-api-doc.zip" />
    <property name="ant.home" value="E:\jmonkey\extide\ant" />
    <property name="libs.junit_4.src" value="E:\jmonkey\platform\docs\junit-4.12-sources.jar" />
    <property name="libs.testng.classpath" value="E:\jmonkey\platform\modules\ext\testng-6.8.1-dist.jar" />
    <property name="libs.jme3-jbullet.src" value="E:\jmonkey\jmonkeyplatform\libs\jme3-jbullet-3.2.1-stable-sources.jar" />
    <property name="ant.java.version" value="1.8" />
    <property name="java.library.path" value="E:\jmonkey\jdk\jre\bin;C:\WINDOWS\Sun\Java\bin;C:\WINDOWS\system32;C:\WINDOWS;E:\Java\jdk1.8.0_161;E:\Java\jdk1.8.0_161\bin;E:\Java\jre1.8.0_161\bin;C:\ProgramData\Oracle\Java\javapath;C:\Program Files (x86)\Razer Chroma SDK\bin;C:\Program Files\Razer Chroma SDK\bin;C:\Windows\system32;C:\Windows;C:\Windows\System32\Wbem;C:\Windows\System32\WindowsPowerShell\v1.0\;C:\Windows\system32\config\systemprofile\AppData\Local\Microsoft\WindowsApps;C:\program files (x86)\skype\Phone\;C:\WINDOWS\system32\config\systemprofile\.dnx\bin;C:\Program Files\Microsoft DNX\Dnvm\;C:\Program Files\Microsoft SQL Server\130\Tools\Binn\;E:\apache-ant-1.9.7\bin;C:\xampp\php;C:\ProgramData\ComposerSetup\bin;E:\PuTTY\;C:\Program Files (x86)\nodejs\;C:\Program Files\dotnet\;E:\Program Files\Git\cmd;C:\Program Files (x86)\GtkSharp\2.12\bin;C:\WINDOWS\system32;C:\WINDOWS;C:\WINDOWS\System32\Wbem;C:\WINDOWS\System32\WindowsPowerShell\v1.0\;C:\WINDOWS\system32\config\systemprofile\AppData\Local\Microsoft\WindowsApps;C:\tidy-5.4.0-win64;C:\WINDOWS\system32;C:\WINDOWS;C:\WINDOWS\System32\Wbem;C:\WINDOWS\System32\WindowsPowerShell\v1.0\;;C:\WINDOWS\System32\OpenSSH\;C:\Users\Richard\scoop\shims;C:\Ruby25-x64\bin;C:\Users\Richard\AppData\Local\Microsoft\WindowsApps;C:\Users\Richard\AppData\Roaming\Composer\vendor\bin;C:\Users\Richard\AppData\Roaming\npm;E:\Program Files\Microsoft VS Code\bin;C:\tidy-5.4.0-win64;E:\apache-maven-3.5.2\bin;%USERPROFILE%\AppData\Local\Microsoft\WindowsApps;;." />
    <property name="javadoc.author" value="false" />
    <property name="java.util.logging.config.class" value="org.netbeans.core.startup.TopLogging" />
    <property name="libs.jme3-networking.maven-pom" value="" />
    <property name="libs.lwjgl-applet.javadoc" value="" />
    <property name="sun.arch.data.model" value="64" />
    <property name="basedir" value="C:\Users\Richard\Documents\Planet" />
    <property name="jar.compress" value="false" />
    <property name="path.separator" value=";" />
    <property name="ant.junit.enabletestlistenerevents" value="true" />
    <property name="sun.io.unicode.encoding" value="UnicodeLittle" />
    <property name="libs.jaxws21.classpath" value="E:\jmonkey\ide\modules\ext\jaxb\jaxb-impl.jar;E:\jmonkey\ide\modules\ext\jaxb\jaxb-xjc.jar;E:\jmonkey\java\modules\ext\jaxws22\FastInfoset.jar;E:\jmonkey\java\modules\ext\jaxws22\gmbal-api-only.jar;E:\jmonkey\java\modules\ext\jaxws22\ha-api.jar;E:\jmonkey\java\modules\ext\jaxws22\javax.mail_1.4.jar;E:\jmonkey\java\modules\ext\jaxws22\jaxws-rt.jar;E:\jmonkey\java\modules\ext\jaxws22\jaxws-tools.jar;E:\jmonkey\java\modules\ext\jaxws22\management-api.jar;E:\jmonkey\java\modules\ext\jaxws22\mimepull.jar;E:\jmonkey\java\modules\ext\jaxws22\policy.jar;E:\jmonkey\java\modules\ext\jaxws22\saaj-impl.jar;E:\jmonkey\java\modules\ext\jaxws22\stax-ex.jar;E:\jmonkey\java\modules\ext\jaxws22\stax2-api.jar;E:\jmonkey\java\modules\ext\jaxws22\streambuffer.jar;E:\jmonkey\java\modules\ext\jaxws22\woodstox-core-asl.jar;E:\jmonkey\java\modules\ext\jaxws22\api\jaxws-api.jar;E:\jmonkey\java\modules\ext\jaxws22\api\jsr181-api.jar;E:\jmonkey\java\modules\ext\jaxws22\api\javax.annotation.jar;E:\jmonkey\java\modules\ext\jaxws22\api\saaj-api.jar;E:\jmonkey\ide\modules\ext\jaxb\activation.jar;E:\jmonkey\ide\modules\ext\jaxb\api\jaxb-api.jar;E:\jmonkey\ide\modules\ext\jaxb\api\jsr173_1.0_api.jar" />
    <property name="compile.on.save" value="true" />
    <property name="apple.awt.graphics.UseQuartz" value="true" />
    <property name="user.language" value="en" />
    <property name="testng.mode" value="testng" />
    <property name="libs.JAXB-ENDORSED.maven-pom" value="" />
    <property name="application.vendor" value="MyCompany" />
    <property name="test.binaryincludes" value="&lt;nothing&gt;" />
    <property name="manifest.available" value="true" />
    <property name="run.test.classpath" value="E:\jmonkey\jmonkeyplatform\libs\jme3-jogg-3.2.1-stable.jar;E:\jmonkey\jmonkeyplatform\libs\j-ogg-all-1.0.0.jar:E:\jmonkey\jmonkeyplatform\libs\jme3-networking-3.2.1-stable.jar:E:\jmonkey\jmonkeyplatform\libs\jme3-plugins-3.2.1-stable.jar;E:\jmonkey\jmonkeyplatform\libs\gson-2.8.1.jar:E:\jmonkey\jmonkeyplatform\libs\jme3-core-3.2.1-stable.jar:E:\jmonkey\jmonkeyplatform\libs\jme3-desktop-3.2.1-stable.jar:E:\jmonkey\jmonkeyplatform\libs\jme3-lwjgl-3.2.1-stable.jar;E:\jmonkey\jmonkeyplatform\libs\lwjgl-2.9.3.jar;E:\jmonkey\jmonkeyplatform\libs\jinput-2.0.5.jar;E:\jmonkey\jmonkeyplatform\libs\jinput-platform-2.0.5-natives-linux.jar;E:\jmonkey\jmonkeyplatform\libs\jinput-platform-2.0.5-natives-windows.jar;E:\jmonkey\jmonkeyplatform\libs\jinput-platform-2.0.5-natives-osx.jar;E:\jmonkey\jmonkeyplatform\libs\jutils-1.0.0.jar;E:\jmonkey\jmonkeyplatform\libs\lwjgl-platform-2.9.3-natives-windows.jar;E:\jmonkey\jmonkeyplatform\libs\lwjgl-platform-2.9.3-natives-linux.jar;E:\jmonkey\jmonkeyplatform\libs\lwjgl-platform-2.9.3-natives-osx.jar:E:\jmonkey\jmonkeyplatform\libs\jme3-effects-3.2.1-stable.jar:E:\jmonkey\jmonkeyplatform\libs\jme3-terrain-3.2.1-stable.jar:E:\jmonkey\jmonkeyplatform\libs\jme3-bullet-3.2.1-stable.jar:E:\jmonkey\jmonkeyplatform\libs\jme3-bullet-native-3.2.1-stable.jar:E:\jmonkey\platform\modules\ext\junit-4.12.jar:E:\jmonkey\platform\modules\ext\hamcrest-core-1.3.jar:build/classes:build/test/classes" />
    <property name="ant.project.invoked-targets" value="test" />
    <property name="test.binaryexcludes" value="" />
    <property name="sun.java2d.dpiaware" value="true" />
    <property name="https.nonProxyHosts" value="localhost|127.0.0.1|DESKTOP-HN7TUS6" />
    <property name="ant.file.Planet-impl" value="C:\Users\Richard\Documents\Planet\nbproject\build-impl.xml" />
    <property name="libs.jme3-bullet-native.classpath" value="E:\jmonkey\jmonkeyplatform\libs\jme3-bullet-native-3.2.1-stable.jar" />
    <property name="java.class.version" value="52.0" />
    <property name="libs.jme3_xbuf.src" value="" />
    <property name="user.properties.file" value="C:\Users\Richard\AppData\Roaming\.jmonkeyplatform\v3.2.1-stable-sdk3\build.properties" />
    <property name="libs.jme3_xbuf.classpath" value="E:\jmonkey\jmonkeyplatform\libs\jme3_xbuf-0.9.1.jar;E:\jmonkey\jmonkeyplatform\libs\jme3_xbuf-0.9.1.jar;E:\jmonkey\jmonkeyplatform\libs\jme3_xbuf_rt-0.9.1.jar;E:\jmonkey\jmonkeyplatform\libs\jme3_xbuf_loader-0.9.1.jar;E:\jmonkey\jmonkeyplatform\libs\jme3_xbuf_remote-0.9.1.jar;E:\jmonkey\jmonkeyplatform\libs\jme3_xbuf_viewer-0.9.1.jar;E:\jmonkey\jmonkeyplatform\libs\slf4j-api-1.7.7.jar;E:\jmonkey\jmonkeyplatform\libs\protobuf-java-3.0.0.jar;E:\jmonkey\jmonkeyplatform\libs\xbuf-0.9.1.jar;E:\jmonkey\jmonkeyplatform\libs\netty-common-4.0.24.Final.jar;E:\jmonkey\jmonkeyplatform\libs\netty-buffer-4.0.24.Final.jar;E:\jmonkey\jmonkeyplatform\libs\netty-transport-4.0.24.Final.jar;E:\jmonkey\jmonkeyplatform\libs\netty-codec-4.0.24.Final.jar;E:\jmonkey\jmonkeyplatform\libs\jcommander-1.35.jar;E:\jmonkey\jmonkeyplatform\libs\controlsfx-8.40.10.jar;E:\jmonkey\jmonkeyplatform\libs\logback-classic-1.1.2.jar;E:\jmonkey\jmonkeyplatform\libs\logback-core-1.1.2.jar;E:\jmonkey\jmonkeyplatform\libs\jul-to-slf4j-1.7.7.jar;E:\jmonkey\jmonkeyplatform\libs\protobuf-java-util-3.0.0.jar;E:\jmonkey\jmonkeyplatform\libs\guava-18.0.jar;E:\jmonkey\jmonkeyplatform\libs\gson-2.8.1.jar;E:\jmonkey\jmonkeyplatform\libs\lwjgl-2.9.3.jar;E:\jmonkey\jmonkeyplatform\libs\jinput-2.0.5.jar;E:\jmonkey\jmonkeyplatform\libs\jinput-platform-2.0.5-natives-linux.jar;E:\jmonkey\jmonkeyplatform\libs\jinput-platform-2.0.5-natives-windows.jar;E:\jmonkey\jmonkeyplatform\libs\jinput-platform-2.0.5-natives-osx.jar;E:\jmonkey\jmonkeyplatform\libs\jutils-1.0.0.jar;E:\jmonkey\jmonkeyplatform\libs\lwjgl-platform-2.9.3-natives-windows.jar;E:\jmonkey\jmonkeyplatform\libs\lwjgl-platform-2.9.3-natives-linux.jar;E:\jmonkey\jmonkeyplatform\libs\lwjgl-platform-2.9.3-natives-osx.jar;E:\jmonkey\jmonkeyplatform\libs\core-0.27.jar;E:\jmonkey\jmonkeyplatform\libs\dense64-0.27.jar;E:\jmonkey\jmonkeyplatform\libs\simple-0.27.jar;E:\jmonkey\jmonkeyplatform\libs\denseC64-0.27.jar" />
    <property name="runtime.encoding" value="UTF-8" />
    <property name="libs.javac-api.maven-pom" value="" />
    <property name="file.encoding.pkg" value="sun.io" />
    <property name="sun.cpu.endian" value="little" />
    <property name="libs.JAXB-ENDORSED.javadoc" value="" />
    <property name="libs.JWSAntTasks.classpath" value="E:\jmonkey\java\ant\extra\org-netbeans-modules-javawebstart-anttasks.jar" />
    <property name="libs.jme3-android-native.maven-pom" value="" />
    <property name="empty.dir" value="C:\Users\Richard\Documents\Planet\build\empty" />
    <property name="libs.jme3-bullet-native-android.classpath" value="E:\jmonkey\jmonkeyplatform\libs\jme3-bullet-native-android-3.2.1-stable.jar" />
    <property name="version-output" value="java version &quot;1.8" />
    <property name="test.binarytestincludes" value="" />
    <property name="javadoc.preview" value="true" />
    <property name="java.home" value="E:\jmonkey\jdk\jre" />
    <property name="libs.jme3-terrain.src" value="E:\jmonkey\jmonkeyplatform\libs\jme3-terrain-3.2.1-stable-sources.jar" />
    <property name="debug.test.classpath" value="E:\jmonkey\jmonkeyplatform\libs\jme3-jogg-3.2.1-stable.jar;E:\jmonkey\jmonkeyplatform\libs\j-ogg-all-1.0.0.jar:E:\jmonkey\jmonkeyplatform\libs\jme3-networking-3.2.1-stable.jar:E:\jmonkey\jmonkeyplatform\libs\jme3-plugins-3.2.1-stable.jar;E:\jmonkey\jmonkeyplatform\libs\gson-2.8.1.jar:E:\jmonkey\jmonkeyplatform\libs\jme3-core-3.2.1-stable.jar:E:\jmonkey\jmonkeyplatform\libs\jme3-desktop-3.2.1-stable.jar:E:\jmonkey\jmonkeyplatform\libs\jme3-lwjgl-3.2.1-stable.jar;E:\jmonkey\jmonkeyplatform\libs\lwjgl-2.9.3.jar;E:\jmonkey\jmonkeyplatform\libs\jinput-2.0.5.jar;E:\jmonkey\jmonkeyplatform\libs\jinput-platform-2.0.5-natives-linux.jar;E:\jmonkey\jmonkeyplatform\libs\jinput-platform-2.0.5-natives-windows.jar;E:\jmonkey\jmonkeyplatform\libs\jinput-platform-2.0.5-natives-osx.jar;E:\jmonkey\jmonkeyplatform\libs\jutils-1.0.0.jar;E:\jmonkey\jmonkeyplatform\libs\lwjgl-platform-2.9.3-natives-windows.jar;E:\jmonkey\jmonkeyplatform\libs\lwjgl-platform-2.9.3-natives-linux.jar;E:\jmonkey\jmonkeyplatform\libs\lwjgl-platform-2.9.3-natives-osx.jar:E:\jmonkey\jmonkeyplatform\libs\jme3-effects-3.2.1-stable.jar:E:\jmonkey\jmonkeyplatform\libs\jme3-terrain-3.2.1-stable.jar:E:\jmonkey\jmonkeyplatform\libs\jme3-bullet-3.2.1-stable.jar:E:\jmonkey\jmonkeyplatform\libs\jme3-bullet-native-3.2.1-stable.jar:E:\jmonkey\platform\modules\ext\junit-4.12.jar:E:\jmonkey\platform\modules\ext\hamcrest-core-1.3.jar:build/classes:build/test/classes" />
    <property name="http.agent" value="jMonkeyEngine SDK v3.2.1-stable-sdk3 (Windows 10/10.0)" />
    <property name="libs.jme3-jogg.maven-pom" value="" />
    <property name="ant.project.default-target" value="default" />
    <property name="annotation.processing.run.all.processors" value="true" />
    <property name="libs.pro-guard.src" value="" />
    <property name="libs.jme3-bullet.javadoc" value="E:\jmonkey\jmonkeyplatform\libs\jme3-bullet-3.2.1-stable-javadoc.jar" />
    <property name="libs.jme3-jbullet.maven-pom" value="" />
    <property name="http.nonProxyHosts" value="localhost|127.0.0.1|DESKTOP-HN7TUS6" />
    <property name="libs.junit_4.javadoc" value="E:\jmonkey\platform\docs\junit-4.12-javadoc.jar" />
    <property name="libs.jme3-ios.classpath" value="E:\jmonkey\jmonkeyplatform\libs\jme3-ios-3.2.1-stable.jar;E:\jmonkey\jmonkeyplatform\libs\gson-2.8.1.jar" />
    <property name="libs.jme3-android.maven-pom" value="" />
    <property name="libs.jme3-terrain.maven-pom" value="" />
    <property name="libs.jme3-blender.maven-pom" value="" />
    <property name="run.classpath" value="E:\jmonkey\jmonkeyplatform\libs\jme3-jogg-3.2.1-stable.jar;E:\jmonkey\jmonkeyplatform\libs\j-ogg-all-1.0.0.jar:E:\jmonkey\jmonkeyplatform\libs\jme3-networking-3.2.1-stable.jar:E:\jmonkey\jmonkeyplatform\libs\jme3-plugins-3.2.1-stable.jar;E:\jmonkey\jmonkeyplatform\libs\gson-2.8.1.jar:E:\jmonkey\jmonkeyplatform\libs\jme3-core-3.2.1-stable.jar:E:\jmonkey\jmonkeyplatform\libs\jme3-desktop-3.2.1-stable.jar:E:\jmonkey\jmonkeyplatform\libs\jme3-lwjgl-3.2.1-stable.jar;E:\jmonkey\jmonkeyplatform\libs\lwjgl-2.9.3.jar;E:\jmonkey\jmonkeyplatform\libs\jinput-2.0.5.jar;E:\jmonkey\jmonkeyplatform\libs\jinput-platform-2.0.5-natives-linux.jar;E:\jmonkey\jmonkeyplatform\libs\jinput-platform-2.0.5-natives-windows.jar;E:\jmonkey\jmonkeyplatform\libs\jinput-platform-2.0.5-natives-osx.jar;E:\jmonkey\jmonkeyplatform\libs\jutils-1.0.0.jar;E:\jmonkey\jmonkeyplatform\libs\lwjgl-platform-2.9.3-natives-windows.jar;E:\jmonkey\jmonkeyplatform\libs\lwjgl-platform-2.9.3-natives-linux.jar;E:\jmonkey\jmonkeyplatform\libs\lwjgl-platform-2.9.3-natives-osx.jar:E:\jmonkey\jmonkeyplatform\libs\jme3-effects-3.2.1-stable.jar:E:\jmonkey\jmonkeyplatform\libs\jme3-terrain-3.2.1-stable.jar:E:\jmonkey\jmonkeyplatform\libs\jme3-bullet-3.2.1-stable.jar:E:\jmonkey\jmonkeyplatform\libs\jme3-bullet-native-3.2.1-stable.jar:E:\jmonkey\platform\modules\ext\junit-4.12.jar:E:\jmonkey\platform\modules\ext\hamcrest-core-1.3.jar:build/classes:assets" />
    <property name="jna.boot.library.name" value="jnidispatch-422" />
    <property name="sun.awt.datatransfer.timeout" value="1000" />
    <property name="libs.unspecified.javadoc" value="" />
    <property name="annotation.processing.enabled.in.editor" value="false" />
    <property name="assets.excludes" value="**/*.j3odata,**/*.mesh,**/*.skeleton,**/*.mesh.xml,**/*.skeleton.xml,**/*.scene,**/*.material,**/*.obj,**/*.mtl,**/*.3ds,**/*.dae,**/*.blend,**/*.blend*[0-9]" />
    <property name="nb.native.filechooser" value="false" />
    <property name="libs.jme3-plugins.classpath" value="E:\jmonkey\jmonkeyplatform\libs\jme3-plugins-3.2.1-stable.jar;E:\jmonkey\jmonkeyplatform\libs\gson-2.8.1.jar" />
    <property name="run.classpath.without.build.classes.dir" value="E:\jmonkey\jmonkeyplatform\libs\jme3-jogg-3.2.1-stable.jar;E:\jmonkey\jmonkeyplatform\libs\j-ogg-all-1.0.0.jar;E:\jmonkey\jmonkeyplatform\libs\jme3-networking-3.2.1-stable.jar;E:\jmonkey\jmonkeyplatform\libs\jme3-plugins-3.2.1-stable.jar;E:\jmonkey\jmonkeyplatform\libs\gson-2.8.1.jar;E:\jmonkey\jmonkeyplatform\libs\jme3-core-3.2.1-stable.jar;E:\jmonkey\jmonkeyplatform\libs\jme3-desktop-3.2.1-stable.jar;E:\jmonkey\jmonkeyplatform\libs\jme3-lwjgl-3.2.1-stable.jar;E:\jmonkey\jmonkeyplatform\libs\lwjgl-2.9.3.jar;E:\jmonkey\jmonkeyplatform\libs\jinput-2.0.5.jar;E:\jmonkey\jmonkeyplatform\libs\jinput-platform-2.0.5-natives-linux.jar;E:\jmonkey\jmonkeyplatform\libs\jinput-platform-2.0.5-natives-windows.jar;E:\jmonkey\jmonkeyplatform\libs\jinput-platform-2.0.5-natives-osx.jar;E:\jmonkey\jmonkeyplatform\libs\jutils-1.0.0.jar;E:\jmonkey\jmonkeyplatform\libs\lwjgl-platform-2.9.3-natives-windows.jar;E:\jmonkey\jmonkeyplatform\libs\lwjgl-platform-2.9.3-natives-linux.jar;E:\jmonkey\jmonkeyplatform\libs\lwjgl-platform-2.9.3-natives-osx.jar;E:\jmonkey\jmonkeyplatform\libs\jme3-effects-3.2.1-stable.jar;E:\jmonkey\jmonkeyplatform\libs\jme3-terrain-3.2.1-stable.jar;E:\jmonkey\jmonkeyplatform\libs\jme3-bullet-3.2.1-stable.jar;E:\jmonkey\jmonkeyplatform\libs\jme3-bullet-native-3.2.1-stable.jar;E:\jmonkey\platform\modules\ext\junit-4.12.jar;E:\jmonkey\platform\modules\ext\hamcrest-core-1.3.jar;;C:\Users\Richard\Documents\Planet\build\assets.jar" />
    <property name="libs.jme3-bullet.maven-pom" value="" />
    <property name="sun.management.compiler" value="HotSpot 64-Bit Tiered Compilers" />
    <property name="javac.deprecation" value="false" />
    <property name="javadoc.use" value="true" />
    <property name="sun.java2d.noddraw" value="true" />
    <property name="libs.jme3-blender.src" value="E:\jmonkey\jmonkeyplatform\libs\jme3-blender-3.2.1-stable-sources.jar" />
    <property name="javac.processorpath" value="E:\jmonkey\jmonkeyplatform\libs\jme3-jogg-3.2.1-stable.jar;E:\jmonkey\jmonkeyplatform\libs\j-ogg-all-1.0.0.jar:E:\jmonkey\jmonkeyplatform\libs\jme3-networking-3.2.1-stable.jar:E:\jmonkey\jmonkeyplatform\libs\jme3-plugins-3.2.1-stable.jar;E:\jmonkey\jmonkeyplatform\libs\gson-2.8.1.jar:E:\jmonkey\jmonkeyplatform\libs\jme3-core-3.2.1-stable.jar:E:\jmonkey\jmonkeyplatform\libs\jme3-desktop-3.2.1-stable.jar:E:\jmonkey\jmonkeyplatform\libs\jme3-lwjgl-3.2.1-stable.jar;E:\jmonkey\jmonkeyplatform\libs\lwjgl-2.9.3.jar;E:\jmonkey\jmonkeyplatform\libs\jinput-2.0.5.jar;E:\jmonkey\jmonkeyplatform\libs\jinput-platform-2.0.5-natives-linux.jar;E:\jmonkey\jmonkeyplatform\libs\jinput-platform-2.0.5-natives-windows.jar;E:\jmonkey\jmonkeyplatform\libs\jinput-platform-2.0.5-natives-osx.jar;E:\jmonkey\jmonkeyplatform\libs\jutils-1.0.0.jar;E:\jmonkey\jmonkeyplatform\libs\lwjgl-platform-2.9.3-natives-windows.jar;E:\jmonkey\jmonkeyplatform\libs\lwjgl-platform-2.9.3-natives-linux.jar;E:\jmonkey\jmonkeyplatform\libs\lwjgl-platform-2.9.3-natives-osx.jar:E:\jmonkey\jmonkeyplatform\libs\jme3-effects-3.2.1-stable.jar:E:\jmonkey\jmonkeyplatform\libs\jme3-terrain-3.2.1-stable.jar:E:\jmonkey\jmonkeyplatform\libs\jme3-bullet-3.2.1-stable.jar:E:\jmonkey\jmonkeyplatform\libs\jme3-bullet-native-3.2.1-stable.jar:E:\jmonkey\platform\modules\ext\junit-4.12.jar:E:\jmonkey\platform\modules\ext\hamcrest-core-1.3.jar" />
    <property name="libs.hamcrest.maven-pom" value="" />
    <property name="libs.jme3-test-data.maven-pom" value="" />
    <property name="javac.compilerargs" value="" />
    <property name="ant.file" value="C:\Users\Richard\Documents\Planet\build.xml" />
    <property name="libs.jme3-desktop.maven-pom" value="" />
    <property name="libs.pro-guard.classpath" value="E:\jmonkey\jmonkeyplatform\libs\proguard.jar;E:\jmonkey\jmonkeyplatform\libs\retrace.jar" />
    <property name="jnlp.codebase.type" value="local" />
    <property name="libs.jme3-niftygui.src" value="E:\jmonkey\jmonkeyplatform\libs\jme3-niftygui-3.2.1-stable-sources.jar" />
    <property name="java.vm.specification.vendor" value="Oracle Corporation" />
    <property name="org.openide.major.version" value="IDE/1" />
    <property name="java.vm.name" value="Java HotSpot(TM) 64-Bit Server VM" />
    <property name="netbeans.user" value="C:\Users\Richard\AppData\Roaming\.jmonkeyplatform\v3.2.1-stable-sdk3" />
    <property name="javadoc.additionalparam" value="" />
    <property name="libs.jme3-test-data.src" value="" />
    <property name="jnlp.offline-allowed" value="false" />
    <property name="java.io.tmpdir" value="C:\Users\Richard\AppData\Local\Temp\" />
    <property name="libs.jme3-niftygui.maven-pom" value="" />
    <property name="java.vendor.url" value="http://java.oracle.com/" />
    <property name="endorsed.classpath.cmd.line.arg" value="" />
    <property name="jna.loaded" value="true" />
    <property name="junit.available" value="true" />
    <property name="libs.jme3-niftygui.javadoc" value="E:\jmonkey\jmonkeyplatform\libs\jme3-niftygui-3.2.1-stable-javadoc.jar" />
    <property name="sun.boot.library.path" value="E:\jmonkey\jdk\jre\bin" />
    <property name="have.sources" value="true" />
    <property name="libs.hamcrest.javadoc" value="" />
    <property name="debug.classpath" value="E:\jmonkey\jmonkeyplatform\libs\jme3-jogg-3.2.1-stable.jar;E:\jmonkey\jmonkeyplatform\libs\j-ogg-all-1.0.0.jar:E:\jmonkey\jmonkeyplatform\libs\jme3-networking-3.2.1-stable.jar:E:\jmonkey\jmonkeyplatform\libs\jme3-plugins-3.2.1-stable.jar;E:\jmonkey\jmonkeyplatform\libs\gson-2.8.1.jar:E:\jmonkey\jmonkeyplatform\libs\jme3-core-3.2.1-stable.jar:E:\jmonkey\jmonkeyplatform\libs\jme3-desktop-3.2.1-stable.jar:E:\jmonkey\jmonkeyplatform\libs\jme3-lwjgl-3.2.1-stable.jar;E:\jmonkey\jmonkeyplatform\libs\lwjgl-2.9.3.jar;E:\jmonkey\jmonkeyplatform\libs\jinput-2.0.5.jar;E:\jmonkey\jmonkeyplatform\libs\jinput-platform-2.0.5-natives-linux.jar;E:\jmonkey\jmonkeyplatform\libs\jinput-platform-2.0.5-natives-windows.jar;E:\jmonkey\jmonkeyplatform\libs\jinput-platform-2.0.5-natives-osx.jar;E:\jmonkey\jmonkeyplatform\libs\jutils-1.0.0.jar;E:\jmonkey\jmonkeyplatform\libs\lwjgl-platform-2.9.3-natives-windows.jar;E:\jmonkey\jmonkeyplatform\libs\lwjgl-platform-2.9.3-natives-linux.jar;E:\jmonkey\jmonkeyplatform\libs\lwjgl-platform-2.9.3-natives-osx.jar:E:\jmonkey\jmonkeyplatform\libs\jme3-effects-3.2.1-stable.jar:E:\jmonkey\jmonkeyplatform\libs\jme3-terrain-3.2.1-stable.jar:E:\jmonkey\jmonkeyplatform\libs\jme3-bullet-3.2.1-stable.jar:E:\jmonkey\jmonkeyplatform\libs\jme3-bullet-native-3.2.1-stable.jar:E:\jmonkey\platform\modules\ext\junit-4.12.jar:E:\jmonkey\platform\modules\ext\hamcrest-core-1.3.jar:build/classes:assets" />
    <property name="javac.external.vm" value="false" />
    <property name="javadoc.private" value="false" />
    <property name="ant.file.type.assets-impl" value="file" />
    <property name="libs.jme3-jogg.src" value="E:\jmonkey\jmonkeyplatform\libs\jme3-jogg-3.2.1-stable-sources.jar" />
    <property name="ap.processors.internal" value="" />
    <property name="meta.inf.dir" value="src/META-INF" />
    <property name="javadoc.encoding.used" value="UTF-8" />
    <property name="assets.folder.name" value="assets" />
    <property name="dist.jar" value="dist/MyGame.jar" />
    <property name="java.runtime.name" value="Java(TM) SE Runtime Environment" />
    <property name="ant.project.name" value="BasicGameTemplate" />
    <property name="netbeans.hash.code" value="unique=0eba73ca1-8ca8-4744-9f05-f3f2b37aa99f_83f995e1-067b-4704-aabb-39d5dbbaa147" />
    <property name="netbeans.default_userdir_root" value="" />
    <property name="sun.cpu.isalist" value="amd64" />
    <property name="libs.CopyLibs.javadoc" value="" />
    <property name="org.openide.specification.version" value="6.2" />
    <property name="user.home" value="C:\Users\Richard" />
    <property name="annotation.processing.processors.list" value="" />
    <property name="debug-args-line" value="-Xdebug" />
    <property name="assets.jar.resolved" value="C:\Users\Richard\Documents\Planet\build\assets.jar" />
    <property name="libs.JWSAntTasks.src" value="" />
    <property name="jar.index" value="false" />
    <property name="libs.CopyLibs.maven-pom" value="" />
    <property name="java.specification.name" value="Java Platform API Specification" />
    <property name="libs.jme3-plugins.javadoc" value="E:\jmonkey\jmonkeyplatform\libs\jme3-plugins-3.2.1-stable-javadoc.jar" />
    <property name="libs.jme3-effects.maven-pom" value="" />
    <property name="libs.jme3-lwjgl.maven-pom" value="" />
    <property name="do.archive+main.class.available" value="true" />
    <property name="libs.jme3-ios.javadoc" value="E:\jmonkey\jmonkeyplatform\libs\jme3-ios-3.2.1-stable-javadoc.jar" />
    <property name="java.specification.vendor" value="Oracle Corporation" />
    <property name="libs.javac-api.classpath" value="E:\jmonkey\java\modules\ext\nb-javac-api.jar" />
    <property name="java.version" value="1.8.0_161" />
    <property name="run.jvmargs.ide" value="" />
    <property name="libs.jme3-android.javadoc" value="E:\jmonkey\jmonkeyplatform\libs\jme3-android-3.2.1-stable-javadoc.jar" />
    <property name="javadoc.version" value="false" />
    <property name="org.openide.version" value="deprecated" />
    <property name="netbeans.exception.report.min.level" value="99999" />
    <property name="platform.java" value="E:\jmonkey\jdk\jre/bin/java" />
    <property name="source.encoding" value="UTF-8" />
    <property name="ap.cmd.line.internal" value="" />
    <property name="swing.aatext" value="true" />
    <property name="libs.jme3-jogl.classpath" value="E:\jmonkey\jmonkeyplatform\libs\jme3-jogl-3.2.1-stable.jar;E:\jmonkey\jmonkeyplatform\libs\jocl-main-2.3.2.jar;E:\jmonkey\jmonkeyplatform\libs\jocl-2.3.2.jar;E:\jmonkey\jmonkeyplatform\libs\jocl-2.3.2-natives-android-aarch64.jar;E:\jmonkey\jmonkeyplatform\libs\jocl-2.3.2-natives-android-armv6.jar;E:\jmonkey\jmonkeyplatform\libs\jocl-2.3.2-natives-linux-amd64.jar;E:\jmonkey\jmonkeyplatform\libs\jocl-2.3.2-natives-linux-armv6.jar;E:\jmonkey\jmonkeyplatform\libs\jocl-2.3.2-natives-linux-armv6hf.jar;E:\jmonkey\jmonkeyplatform\libs\jocl-2.3.2-natives-linux-i586.jar;E:\jmonkey\jmonkeyplatform\libs\jocl-2.3.2-natives-macosx-universal.jar;E:\jmonkey\jmonkeyplatform\libs\jocl-2.3.2-natives-solaris-amd64.jar;E:\jmonkey\jmonkeyplatform\libs\jocl-2.3.2-natives-solaris-i586.jar;E:\jmonkey\jmonkeyplatform\libs\jocl-2.3.2-natives-windows-amd64.jar;E:\jmonkey\jmonkeyplatform\libs\jocl-2.3.2-natives-windows-i586.jar;E:\jmonkey\jmonkeyplatform\libs\joal-main-2.3.2.jar;E:\jmonkey\jmonkeyplatform\libs\joal-2.3.2.jar;E:\jmonkey\jmonkeyplatform\libs\joal-2.3.2-natives-android-aarch64.jar;E:\jmonkey\jmonkeyplatform\libs\joal-2.3.2-natives-android-armv6.jar;E:\jmonkey\jmonkeyplatform\libs\joal-2.3.2-natives-linux-amd64.jar;E:\jmonkey\jmonkeyplatform\libs\joal-2.3.2-natives-linux-armv6.jar;E:\jmonkey\jmonkeyplatform\libs\joal-2.3.2-natives-linux-armv6hf.jar;E:\jmonkey\jmonkeyplatform\libs\joal-2.3.2-natives-linux-i586.jar;E:\jmonkey\jmonkeyplatform\libs\joal-2.3.2-natives-macosx-universal.jar;E:\jmonkey\jmonkeyplatform\libs\joal-2.3.2-natives-solaris-amd64.jar;E:\jmonkey\jmonkeyplatform\libs\joal-2.3.2-natives-solaris-i586.jar;E:\jmonkey\jmonkeyplatform\libs\joal-2.3.2-natives-windows-amd64.jar;E:\jmonkey\jmonkeyplatform\libs\joal-2.3.2-natives-windows-i586.jar;E:\jmonkey\jmonkeyplatform\libs\jogl-all-main-2.3.2.jar;E:\jmonkey\jmonkeyplatform\libs\jogl-all-2.3.2.jar;E:\jmonkey\jmonkeyplatform\libs\jogl-all-2.3.2-natives-android-aarch64.jar;E:\jmonkey\jmonkeyplatform\libs\jogl-all-2.3.2-natives-android-armv6.jar;E:\jmonkey\jmonkeyplatform\libs\jogl-all-2.3.2-natives-linux-amd64.jar;E:\jmonkey\jmonkeyplatform\libs\jogl-all-2.3.2-natives-linux-armv6.jar;E:\jmonkey\jmonkeyplatform\libs\jogl-all-2.3.2-natives-linux-armv6hf.jar;E:\jmonkey\jmonkeyplatform\libs\jogl-all-2.3.2-natives-linux-i586.jar;E:\jmonkey\jmonkeyplatform\libs\jogl-all-2.3.2-natives-macosx-universal.jar;E:\jmonkey\jmonkeyplatform\libs\jogl-all-2.3.2-natives-solaris-amd64.jar;E:\jmonkey\jmonkeyplatform\libs\jogl-all-2.3.2-natives-solaris-i586.jar;E:\jmonkey\jmonkeyplatform\libs\jogl-all-2.3.2-natives-windows-amd64.jar;E:\jmonkey\jmonkeyplatform\libs\jogl-all-2.3.2-natives-windows-i586.jar;E:\jmonkey\jmonkeyplatform\libs\gluegen-rt-main-2.3.2.jar;E:\jmonkey\jmonkeyplatform\libs\gluegen-rt-2.3.2.jar;E:\jmonkey\jmonkeyplatform\libs\gluegen-rt-2.3.2-natives-android-aarch64.jar;E:\jmonkey\jmonkeyplatform\libs\gluegen-rt-2.3.2-natives-android-armv6.jar;E:\jmonkey\jmonkeyplatform\libs\gluegen-rt-2.3.2-natives-linux-amd64.jar;E:\jmonkey\jmonkeyplatform\libs\gluegen-rt-2.3.2-natives-linux-armv6.jar;E:\jmonkey\jmonkeyplatform\libs\gluegen-rt-2.3.2-natives-linux-armv6hf.jar;E:\jmonkey\jmonkeyplatform\libs\gluegen-rt-2.3.2-natives-linux-i586.jar;E:\jmonkey\jmonkeyplatform\libs\gluegen-rt-2.3.2-natives-macosx-universal.jar;E:\jmonkey\jmonkeyplatform\libs\gluegen-rt-2.3.2-natives-solaris-amd64.jar;E:\jmonkey\jmonkeyplatform\libs\gluegen-rt-2.3.2-natives-solaris-i586.jar;E:\jmonkey\jmonkeyplatform\libs\gluegen-rt-2.3.2-natives-windows-amd64.jar;E:\jmonkey\jmonkeyplatform\libs\gluegen-rt-2.3.2-natives-windows-i586.jar" />
    <property name="netbeans.home+have.tests" value="true" />
    <property name="annotation.processing.processor.options" value="" />
    <property name="libs.testng.maven-pom" value="" />
    <property name="libs.jaxb.src" value="" />
    <property name="jdk.launcher.addexports.5" value="java.management/sun.management=ALL-UNNAMED" />
    <property name="jdk.launcher.addexports.4" value="java.desktop/com.sun.java.swing.plaf.windows=ALL-UNNAMED" />
    <property name="jdk.launcher.addexports.3" value="java.desktop/sun.awt.im=ALL-UNNAMED" />
    <property name="libs.jme3-lwjgl.src" value="E:\jmonkey\jmonkeyplatform\libs\jme3-lwjgl-3.2.1-stable-sources.jar" />
    <property name="work.dir" value="C:\Users\Richard\Documents\Planet" />
    <property name="jdk.launcher.addexports.2" value="java.desktop/java.awt.peer=ALL-UNNAMED" />
    <property name="libs.jaxb.classpath" value="E:\jmonkey\ide\modules\ext\jaxb\jaxb-impl.jar;E:\jmonkey\ide\modules\ext\jaxb\jaxb-xjc.jar;E:\jmonkey\ide\modules\ext\jaxb\jaxb1-impl.jar;E:\jmonkey\ide\modules\ext\jaxb\activation.jar;E:\jmonkey\ide\modules\ext\jaxb\api\jaxb-api.jar;E:\jmonkey\ide\modules\ext\jaxb\api\jsr173_1.0_api.jar" />
    <property name="jdk.launcher.addexports.1" value="java.base/jdk.internal.jrtfs=ALL-UNNAMED" />
    <property name="jdk.launcher.addexports.0" value="java.desktop/sun.awt=ALL-UNNAMED" />
    <property name="libs.jme3-bullet-native-android.src" value="E:\jmonkey\jmonkeyplatform\libs\jme3-bullet-native-android-3.2.1-stable-sources.jar" />
    <property name="do.depend" value="false" />
    <property name="dist.javadoc.dir" value="dist/javadoc" />
    <property name="libs.jme3-android-native.javadoc" value="E:\jmonkey\jmonkeyplatform\libs\jme3-android-native-3.2.1-stable-javadoc.jar" />
    <property name="build.generated.dir" value="build/generated" />
    <property name="javac.source" value="1.8" />
    <property name="line.separator" value="&#xd;&#xa;" />
    <property name="java.specification.version" value="1.8" />
    <property name="libs.jaxws21.maven-pom" value="" />
    <property name="java.vm.info" value="mixed mode" />
    <property name="nb.junit.batch" value="true" />
    <property name="libs.lwjgl-applet.src" value="" />
    <property name="junit.forkmode" value="perTest" />
    <property name="sun.boot.class.path" value="E:\jmonkey\jdk\jre\lib\resources.jar;E:\jmonkey\jdk\jre\lib\rt.jar;E:\jmonkey\jdk\jre\lib\sunrsasign.jar;E:\jmonkey\jdk\jre\lib\jsse.jar;E:\jmonkey\jdk\jre\lib\jce.jar;E:\jmonkey\jdk\jre\lib\charsets.jar;E:\jmonkey\jdk\jre\lib\jfr.jar;E:\jmonkey\jdk\jre\classes" />
    <property name="libs.jme3-networking.src" value="E:\jmonkey\jmonkeyplatform\libs\jme3-networking-3.2.1-stable-sources.jar" />
    <property name="javac.target" value="1.8" />
    <property name="built-jar.properties" value="C:\Users\Richard\Documents\Planet\build\built-jar.properties" />
    <property name="build.test.classes.dir" value="build/test/classes" />
    <property name="libs.jme3-bullet-native.src" value="E:\jmonkey\jmonkeyplatform\libs\jme3-bullet-native-3.2.1-stable-sources.jar" />
    <property name="src.dir" value="src" />
    <property name="sun.awt.keepWorkingSetOnMinimize" value="true" />
    <property name="annotation.processing.enabled" value="true" />
    <property name="libs.jme3-core.classpath" value="E:\jmonkey\jmonkeyplatform\libs\jme3-core-3.2.1-stable.jar" />
    <property name="libs.jme3-bullet-native.maven-pom" value="" />
    <property name="libs.jme3-core.javadoc" value="E:\jmonkey\jmonkeyplatform\libs\jme3-core-3.2.1-stable-javadoc.jar" />
    <property name="libs.unspecified.src" value="" />
    <property name="ignore.failing.tests" value="true" />
    <property name="jaxbwiz.endorsed.dirs" value="&quot;E:\jmonkey\platform/../ide12/modules/ext/jaxb/api&quot;" />
    <property name="dist.dir" value="dist" />
    <property name="assets.jar.name" value="assets.jar" />
    <property name="testng.debug.mode" value="" />
    <property name="libs.jme3_xbuf.maven-pom" value="" />
    <property name="javac.fork" value="false" />
    <property name="java.awt.printerjob" value="sun.awt.windows.WPrinterJob" />
    <property name="default.javac.source" value="1.8" />
    <property name="debug-transport-by-os" value="dt_shmem" />
    <property name="sun.jnu.encoding" value="Cp1252" />
    <property name="libs.jme3-ios.src" value="E:\jmonkey\jmonkeyplatform\libs\jme3-ios-3.2.1-stable-sources.jar" />
    <property name="build.test.results.dir" value="build/test/results" />
    <property name="libs.jme3-bullet-native-android.maven-pom" value="" />
    <property name="java.runtime.version" value="1.8.0_161-b12" />
    <property name="libs.lwjgl-applet.classpath" value="E:\jmonkey\jmonkeyplatform\libs\applet-loader.zip" />
    <property name="default.javac.target" value="1.8" />
    <property name="libs.junit_4.classpath" value="E:\jmonkey\platform\modules\ext\junit-4.12.jar" />
    <property name="user.timezone" value="" />
    <property name="nb.junit.single" value="false" />
    <property name="do.jar" value="true" />
    <property name="libs.jme3-android.src" value="E:\jmonkey\jmonkeyplatform\libs\jme3-android-3.2.1-stable-sources.jar" />
    <property name="libs.jme3-jogg.javadoc" value="E:\jmonkey\jmonkeyplatform\libs\jme3-jogg-3.2.1-stable-javadoc.jar" />
    <property name="netbeans.dirs" value="E:\jmonkey\jmonkeyplatform;E:\jmonkey\extide;E:\jmonkey\harness;E:\jmonkey\ide;E:\jmonkey\java;E:\jmonkey\nb" />
    <property name="libs.jme3-terrain.javadoc" value="E:\jmonkey\jmonkeyplatform\libs\jme3-terrain-3.2.1-stable-javadoc.jar" />
    <property name="java.ext.dirs" value="E:\jmonkey\jdk\jre\lib\ext;C:\WINDOWS\Sun\Java\lib\ext" />
    <property name="libs.jme3-networking.javadoc" value="E:\jmonkey\jmonkeyplatform\libs\jme3-networking-3.2.1-stable-javadoc.jar" />
    <property name="endorsed.classpath" value="" />
    <property name="excludes" value="" />
    <property name="libs.jme3-lwjgl.javadoc" value="E:\jmonkey\jmonkeyplatform\libs\jme3-lwjgl-3.2.1-stable-javadoc.jar" />
    <property name="libs.jme3-networking.classpath" value="E:\jmonkey\jmonkeyplatform\libs\jme3-networking-3.2.1-stable.jar" />
    <property name="java.class.path" value="E:\jmonkey\jmonkeyplatform\libs\jme3-jogg-3.2.1-stable.jar;E:\jmonkey\jmonkeyplatform\libs\j-ogg-all-1.0.0.jar;E:\jmonkey\jmonkeyplatform\libs\jme3-networking-3.2.1-stable.jar;E:\jmonkey\jmonkeyplatform\libs\jme3-plugins-3.2.1-stable.jar;E:\jmonkey\jmonkeyplatform\libs\gson-2.8.1.jar;E:\jmonkey\jmonkeyplatform\libs\jme3-core-3.2.1-stable.jar;E:\jmonkey\jmonkeyplatform\libs\jme3-desktop-3.2.1-stable.jar;E:\jmonkey\jmonkeyplatform\libs\jme3-lwjgl-3.2.1-stable.jar;E:\jmonkey\jmonkeyplatform\libs\lwjgl-2.9.3.jar;E:\jmonkey\jmonkeyplatform\libs\jinput-2.0.5.jar;E:\jmonkey\jmonkeyplatform\libs\jinput-platform-2.0.5-natives-linux.jar;E:\jmonkey\jmonkeyplatform\libs\jinput-platform-2.0.5-natives-windows.jar;E:\jmonkey\jmonkeyplatform\libs\jinput-platform-2.0.5-natives-osx.jar;E:\jmonkey\jmonkeyplatform\libs\jutils-1.0.0.jar;E:\jmonkey\jmonkeyplatform\libs\lwjgl-platform-2.9.3-natives-windows.jar;E:\jmonkey\jmonkeyplatform\libs\lwjgl-platform-2.9.3-natives-linux.jar;E:\jmonkey\jmonkeyplatform\libs\lwjgl-platform-2.9.3-natives-osx.jar;E:\jmonkey\jmonkeyplatform\libs\jme3-effects-3.2.1-stable.jar;E:\jmonkey\jmonkeyplatform\libs\jme3-terrain-3.2.1-stable.jar;E:\jmonkey\jmonkeyplatform\libs\jme3-bullet-3.2.1-stable.jar;E:\jmonkey\jmonkeyplatform\libs\jme3-bullet-native-3.2.1-stable.jar;E:\jmonkey\platform\modules\ext\junit-4.12.jar;E:\jmonkey\platform\modules\ext\hamcrest-core-1.3.jar;C:\Users\Richard\Documents\Planet\build\classes;C:\Users\Richard\Documents\Planet\build\test\classes;E:\jmonkey\extide\ant\lib\ant-launcher.jar;E:\jmonkey\extide\ant\lib\ant.jar;E:\jmonkey\extide\ant\lib\ant-junit.jar;E:\jmonkey\extide\ant\lib\ant-junit4.jar" />
    <property name="apple.laf.useScreenMenuBar" value="true" />
    <property name="do.mkdist" value="true" />
    <property name="libs.jme3-ios.maven-pom" value="" />
    <property name="assets.dir.resolved" value="C:\Users\Richard\Documents\Planet\assets" />
    <property name="os.version" value="10.0" />
    <property name="application.args" value="" />
    <property name="main.class.available" value="true" />
    <property name="sun.awt.enableExtraMouseButtons" value="true" />
    <property name="sun.desktop" value="windows" />
    <property name="nb.internal.action.name" value="test" />
    <property name="libs.JAXB-ENDORSED.classpath" value="E:\jmonkey\ide\modules\ext\jaxb\api\jaxb-api.jar" />
    <property name="libs.jme3-plugins.maven-pom" value="" />
    <property name="java.awt.graphicsenv" value="sun.awt.Win32GraphicsEnvironment" />
    <property name="libs.jme3-bullet.src" value="E:\jmonkey\jmonkeyplatform\libs\jme3-bullet-3.2.1-stable-sources.jar" />
    <property name="java.vm.vendor" value="Oracle Corporation" />
    <property name="libs.CopyLibs.classpath" value="E:\jmonkey\java\ant\extra\org-netbeans-modules-java-j2seproject-copylibstask.jar" />
    <property name="libs.hamcrest.src" value="" />
    <property name="libs.jme3-lwjgl.classpath" value="E:\jmonkey\jmonkeyplatform\libs\jme3-lwjgl-3.2.1-stable.jar;E:\jmonkey\jmonkeyplatform\libs\lwjgl-2.9.3.jar;E:\jmonkey\jmonkeyplatform\libs\jinput-2.0.5.jar;E:\jmonkey\jmonkeyplatform\libs\jinput-platform-2.0.5-natives-linux.jar;E:\jmonkey\jmonkeyplatform\libs\jinput-platform-2.0.5-natives-windows.jar;E:\jmonkey\jmonkeyplatform\libs\jinput-platform-2.0.5-natives-osx.jar;E:\jmonkey\jmonkeyplatform\libs\jutils-1.0.0.jar;E:\jmonkey\jmonkeyplatform\libs\lwjgl-platform-2.9.3-natives-windows.jar;E:\jmonkey\jmonkeyplatform\libs\lwjgl-platform-2.9.3-natives-linux.jar;E:\jmonkey\jmonkeyplatform\libs\lwjgl-platform-2.9.3-natives-osx.jar" />
    <property name="run.jvmargs" value="" />
    <property name="libs.JAXB-ENDORSED.src" value="" />
    <property name="libs.testng.javadoc" value="E:\jmonkey\platform\docs\testng-6.8.1-javadoc.zip" />
    <property name="libs.pro-guard.maven-pom" value="" />
    <property name="user.script" value="" />
    <property name="jme.project.version" value="3.1" />
    <property name="libs.jme3-desktop.src" value="E:\jmonkey\jmonkeyplatform\libs\jme3-desktop-3.2.1-stable-sources.jar" />
    <property name="libs.jme3-jogl.javadoc" value="E:\jmonkey\jmonkeyplatform\libs\jme3-jogl-3.2.1-stable-javadoc.jar" />
    <property name="jnlp.signed" value="false" />
    <property name="main.class" value="engine.App" />
    <property name="libs.CopyLibs.src" value="" />
    <property name="build.dir" value="build" />
    <property name="ant.file.type.BasicGameTemplate" value="file" />
    <property name="ant.version" value="Apache Ant(TM) version 1.9.7 compiled on April 9 2016" />
    <property name="libs.unspecified.maven-pom" value="" />
    <property name="file.encoding" value="Cp1252" />
    <property name="build.classes.excludes" value="**/*.java,**/*.form" />
    <property name="jdkBug6558476" value="false" />
    <property name="javadoc.nonavbar" value="false" />
    <property name="netbeans.exception.alert.min.level" value="99999" />
    <property name="libs.jme3-android-native.classpath" value="E:\jmonkey\jmonkeyplatform\libs\jme3-android-native-3.2.1-stable.jar;E:\jmonkey\jmonkeyplatform\libs\gson-2.8.1.jar" />
    <property name="platform.active" value="default_platform" />
    <property name="awt.toolkit" value="sun.awt.windows.WToolkit" />
  </properties>
  <testcase classname="MantelTest" name="testMantelCooling" time="0.008" />
  <system-out><![CDATA[Cell Thickness 22395.379
Cell Height 9088.148
Mantel After Cooling 1199.9967
]]></system-out>
  <system-err><![CDATA[Jun 01, 2018 2:59:30 AM worlds.planet.Planet <init>
INFO: New Planet
Jun 01, 2018 2:59:30 AM engine.surface.SurfaceMap buildMap
INFO: Setting up map
Jun 01, 2018 2:59:30 AM engine.surface.SurfaceMap logMapSetup
INFO: Cells created: 50% finished
Jun 01, 2018 2:59:30 AM engine.surface.SurfaceMap logMapSetup
INFO: Cells created: 100% finished
]]></system-err>
</testsuite>
